<?xml version="1.0" encoding="UTF-8"?>
<coverage generated="1788153735135" clover="3.2.0">
  <project timestamp="1788153735135" name="All files">
    <metrics statements="12" coveredstatements="11" conditionals="13" coveredconditionals="12" methods="2" coveredmethods="2" elements="27" coveredelements="25" complexity="0" loc="12" ncloc="12" packages="1" files="1" classes="1"/>
    <file name="UpdateProfile.ts" path="C:\Users\Usuario\Desktop\Universidad\2026-2\Paradigmas\Entrega1\FuBanking\backend\src\application\use-cases\profile\UpdateProfile.ts">
      <metrics statements="12" coveredstatements="11" conditionals="13" coveredconditionals="12" methods="2" coveredmethods="2"/>
      <line num="3" count="1" type="stmt"/>
      <line num="4" count="1" type="stmt"/>
      <line num="12" count="7" type="stmt"/>
      <line num="14" count="7" type="stmt"/>
      <line num="19" count="6" type="stmt"/>
      <line num="20" count="6" type="cond" truecount="1" falsecount="1"/>
      <line num="21" count="0" type="stmt"/>
      <line num="25" count="6" type="cond" truecount="7" falsecount="0"/>
      <line num="33" count="6" type="cond" truecount="2" falsecount="0"/>
      <line num="34" count="3" type="stmt"/>
      <line num="38" count="3" type="stmt"/>
      <line num="48" count="3" type="stmt"/>
    </file>
  </project>
</coverage>
