{"C:\\Users\\Usuario\\Desktop\\Universidad\\2026-2\\Paradigmas\\Entrega1\\FuBanking\\backend\\src\\application\\use-cases\\profile\\UpdateProfile.ts": {"path":"C:\\Users\\Usuario\\Desktop\\Universidad\\2026-2\\Paradigmas\\Entrega1\\FuBanking\\backend\\src\\application\\use-cases\\profile\\UpdateProfile.ts","statementMap":{"0":{"start":{"line":12,"column":13},"end":{"line":12,"column":null}},"1":{"start":{"line":3,"column":26},"end":{"line":3,"column":null}},"2":{"start":{"line":4,"column":25},"end":{"line":4,"column":null}},"3":{"start":{"line":14,"column":21},"end":{"line":14,"column":52}},"4":{"start":{"line":19,"column":17},"end":{"line":19,"column":null}},"5":{"start":{"line":20,"column":4},"end":{"line":22,"column":null}},"6":{"start":{"line":21,"column":6},"end":{"line":21,"column":null}},"7":{"start":{"line":25,"column":23},"end":{"line":31,"column":null}},"8":{"start":{"line":33,"column":4},"end":{"line":35,"column":null}},"9":{"start":{"line":34,"column":6},"end":{"line":34,"column":null}},"10":{"start":{"line":38,"column":24},"end":{"line":46,"column":null}},"11":{"start":{"line":48,"column":4},"end":{"line":48,"column":null}}},"fnMap":{"0":{"name":"(anonymous_1)","decl":{"start":{"line":13,"column":2},"end":{"line":13,"column":null}},"loc":{"start":{"line":15,"column":4},"end":{"line":15,"column":null}}},"1":{"name":"(anonymous_2)","decl":{"start":{"line":17,"column":2},"end":{"line":17,"column":8}},"loc":{"start":{"line":17,"column":90},"end":{"line":49,"column":null}}}},"branchMap":{"0":{"loc":{"start":{"line":20,"column":4},"end":{"line":22,"column":null}},"type":"if","locations":[{"start":{"line":20,"column":4},"end":{"line":22,"column":null}},{"start":{},"end":{}}]},"1":{"loc":{"start":{"line":25,"column":23},"end":{"line":31,"column":null}},"type":"binary-expr","locations":[{"start":{"line":25,"column":23},"end":{"line":25,"column":null}},{"start":{"line":26,"column":9},"end":{"line":26,"column":null}},{"start":{"line":27,"column":9},"end":{"line":27,"column":null}},{"start":{"line":28,"column":9},"end":{"line":28,"column":null}},{"start":{"line":29,"column":9},"end":{"line":29,"column":null}},{"start":{"line":30,"column":9},"end":{"line":30,"column":null}},{"start":{"line":31,"column":9},"end":{"line":31,"column":null}}]},"2":{"loc":{"start":{"line":33,"column":4},"end":{"line":35,"column":null}},"type":"if","locations":[{"start":{"line":33,"column":4},"end":{"line":35,"column":null}},{"start":{},"end":{}}]},"3":{"loc":{"start":{"line":43,"column":17},"end":{"line":43,"column":null}},"type":"binary-expr","locations":[{"start":{"line":43,"column":17},"end":{"line":43,"column":30}},{"start":{"line":43,"column":34},"end":{"line":43,"column":null}}]}},"s":{"0":7,"1":1,"2":1,"3":7,"4":6,"5":6,"6":0,"7":6,"8":6,"9":3,"10":3,"11":3},"f":{"0":7,"1":6},"b":{"0":[0,6],"1":[6,5,5,5,5,4,3],"2":[3,3],"3":[3,2]}}
}
