{"total": {"lines":{"total":25,"covered":25,"skipped":0,"pct":100},"statements":{"total":25,"covered":25,"skipped":0,"pct":100},"functions":{"total":2,"covered":2,"skipped":0,"pct":100},"branches":{"total":12,"covered":12,"skipped":0,"pct":100},"branchesTrue":{"total":0,"covered":0,"skipped":0,"pct":"Unknown"}}
,"C:\\Users\\Usuario\\Desktop\\Universidad\\2026-2\\Paradigmas\\Entrega1\\FuBanking\\backend\\src\\application\\use-cases\\auth\\RegisterUser.ts": {"lines":{"total":25,"covered":25,"skipped":0,"pct":100},"functions":{"total":2,"covered":2,"skipped":0,"pct":100},"statements":{"total":25,"covered":25,"skipped":0,"pct":100},"branches":{"total":12,"covered":12,"skipped":0,"pct":100}}
}
